[2026-03-11 15:48:06] [INFO] 配置文件加载成功: D:\code\sts-agent-course-project\config\game.yaml
[2026-03-11 15:48:06] [INFO] 运行 ID: 20260311_154806_d451a257
[2026-03-11 15:48:06] [INFO] 任务: Play the game
[2026-03-11 15:48:06] [INFO] 模型: mock / demo-model
[2026-03-11 15:48:06] [INFO] 环境: Slay the Spire
[2026-03-11 15:48:06] [INFO] 最大步数: 10
[2026-03-11 15:48:06] [INFO] Detector 初始化完成，capture_bbox=[0, 0, 1920, 1200], force_scene=None
[2026-03-11 15:48:06] [INFO] Eye 初始化完成，window_name=Slay the Spire 2, capture_bbox=[0, 0, 1920, 1200]
[2026-03-11 15:48:06] [INFO] 组件加载成功: module=BottomUpAgent.group_a.Eye, class=Eye
[2026-03-11 15:48:06] [INFO] Brain 初始化完成，provider=mock, model=demo-model
[2026-03-11 15:48:06] [INFO] 组件加载成功: module=BottomUpAgent.group_b.Brain, class=Brain
[2026-03-11 15:48:06] [INFO] Mcts 初始化完成（轻量版）
[2026-03-11 15:48:06] [INFO] 组件加载成功: module=BottomUpAgent.group_b.Mcts, class=Mcts
[2026-03-11 15:48:06] [INFO] UnifiedOperation 初始化完成
[2026-03-11 15:48:06] [INFO] 组件加载成功: module=BottomUpAgent.group_a.UnifiedOperation, class=UnifiedOperation
[2026-03-11 15:48:06] [INFO] Hand 初始化完成，dry_run=True
[2026-03-11 15:48:06] [INFO] 组件加载成功: module=BottomUpAgent.group_a.Hand, class=Hand
[2026-03-11 15:48:06] [INFO] Teacher 初始化完成
[2026-03-11 15:48:06] [INFO] 组件加载成功: module=BottomUpAgent.group_b.Teacher, class=Teacher
[2026-03-11 15:48:06] [INFO] LongMemory 初始化完成，已有技能数=2
[2026-03-11 15:48:06] [INFO] 组件加载成功: module=BottomUpAgent.group_b.LongMemory, class=LongMemory
[2026-03-11 15:48:06] [INFO] Visualizer 初始化完成，enabled=True, refresh_interval_ms=300
[2026-03-11 15:48:06] [INFO] 组件加载成功: module=BottomUpAgent.group_a.visualizer, class=Visualizer
[2026-03-11 15:48:06] [INFO] BottomUpAgent 初始化完成
[2026-03-11 15:48:06] [INFO] run_id=20260311_154806_d451a257, max_steps=10
[2026-03-11 15:48:06] [INFO] 启动延迟 3.0 秒，请切到游戏窗口。
[2026-03-11 15:48:09] [INFO] 开始执行任务: Play the game
[2026-03-11 15:48:10] [INFO] 已定位目标窗口 bbox=[0, 0, 2062, 1118]
[2026-03-11 15:48:10] [INFO] [DRY-RUN] click at (899, 977)
[2026-03-11 15:48:10] [INFO] [DRY-RUN] click at (1464, 469)
[2026-03-11 15:48:11] [INFO] 已定位目标窗口 bbox=[0, 0, 2062, 1118]
[2026-03-11 15:48:12] [INFO] [Visualizer] step=1 | scene=battle | action=play_card | result=success
[2026-03-11 15:48:12] [INFO] Step 1/10 | action=play_card | result=success
[2026-03-11 15:48:12] [INFO] 已定位目标窗口 bbox=[0, 0, 2062, 1118]
[2026-03-11 15:48:12] [INFO] [DRY-RUN] click at (377, 977)
[2026-03-11 15:48:12] [INFO] [DRY-RUN] click at (1464, 469)
[2026-03-11 15:48:13] [INFO] 已定位目标窗口 bbox=[0, 0, 2062, 1118]
[2026-03-11 15:48:13] [INFO] [Visualizer] step=2 | scene=battle | action=play_card | result=success
[2026-03-11 15:48:13] [INFO] Step 2/10 | action=play_card | result=success
[2026-03-11 15:48:14] [INFO] 已定位目标窗口 bbox=[0, 0, 2062, 1118]
[2026-03-11 15:48:14] [INFO] [DRY-RUN] click at (377, 977)
[2026-03-11 15:48:14] [INFO] [DRY-RUN] click at (1464, 469)
[2026-03-11 15:48:15] [INFO] 已定位目标窗口 bbox=[0, 0, 2062, 1118]
[2026-03-11 15:48:15] [INFO] [Visualizer] step=3 | scene=battle | action=play_card | result=success
[2026-03-11 15:48:15] [INFO] Step 3/10 | action=play_card | result=success
[2026-03-11 15:48:15] [INFO] 已定位目标窗口 bbox=[0, 0, 2062, 1118]
[2026-03-11 15:48:15] [INFO] [DRY-RUN] click at (377, 977)
[2026-03-11 15:48:16] [INFO] [DRY-RUN] click at (1464, 469)
[2026-03-11 15:48:16] [INFO] 已定位目标窗口 bbox=[0, 0, 2062, 1118]
[2026-03-11 15:48:17] [INFO] [Visualizer] step=4 | scene=battle | action=play_card | result=success
[2026-03-11 15:48:17] [INFO] Step 4/10 | action=play_card | result=success
[2026-03-11 15:48:17] [INFO] 已定位目标窗口 bbox=[0, 0, 2062, 1118]
[2026-03-11 15:48:17] [INFO] [DRY-RUN] click at (377, 977)
[2026-03-11 15:48:17] [INFO] [DRY-RUN] click at (1464, 469)
[2026-03-11 15:48:18] [INFO] 已定位目标窗口 bbox=[0, 0, 2062, 1118]
[2026-03-11 15:48:18] [INFO] [Visualizer] step=5 | scene=battle | action=play_card | result=success
[2026-03-11 15:48:18] [INFO] Step 5/10 | action=play_card | result=success
[2026-03-11 15:48:19] [INFO] 已定位目标窗口 bbox=[0, 0, 2062, 1118]
[2026-03-11 15:48:19] [INFO] [DRY-RUN] click at (377, 977)
[2026-03-11 15:48:19] [INFO] [DRY-RUN] click at (1464, 469)
[2026-03-11 15:48:20] [INFO] 已定位目标窗口 bbox=[0, 0, 2062, 1118]
[2026-03-11 15:48:20] [INFO] [Visualizer] step=6 | scene=battle | action=play_card | result=success
[2026-03-11 15:48:20] [INFO] Step 6/10 | action=play_card | result=success
[2026-03-11 15:48:20] [INFO] 已定位目标窗口 bbox=[0, 0, 2062, 1118]
[2026-03-11 15:48:20] [INFO] [DRY-RUN] click at (377, 977)
[2026-03-11 15:48:21] [INFO] [DRY-RUN] click at (1464, 469)
[2026-03-11 15:48:21] [INFO] 已定位目标窗口 bbox=[0, 0, 2062, 1118]
[2026-03-11 15:48:22] [INFO] [Visualizer] step=7 | scene=battle | action=play_card | result=success
[2026-03-11 15:48:22] [INFO] Step 7/10 | action=play_card | result=success
[2026-03-11 15:48:22] [INFO] 已定位目标窗口 bbox=[0, 0, 2062, 1118]
[2026-03-11 15:48:22] [INFO] [DRY-RUN] click at (377, 977)
[2026-03-11 15:48:22] [INFO] [DRY-RUN] click at (1464, 469)
[2026-03-11 15:48:23] [INFO] 已定位目标窗口 bbox=[0, 0, 2062, 1118]
[2026-03-11 15:48:23] [INFO] [Visualizer] step=8 | scene=battle | action=play_card | result=success
[2026-03-11 15:48:23] [INFO] Step 8/10 | action=play_card | result=success
[2026-03-11 15:48:24] [INFO] 已定位目标窗口 bbox=[0, 0, 2062, 1118]
[2026-03-11 15:48:24] [INFO] [DRY-RUN] click at (377, 977)
[2026-03-11 15:48:24] [INFO] [DRY-RUN] click at (1464, 469)
[2026-03-11 15:48:25] [INFO] 已定位目标窗口 bbox=[0, 0, 2062, 1118]
[2026-03-11 15:48:25] [INFO] [Visualizer] step=9 | scene=battle | action=play_card | result=success
[2026-03-11 15:48:25] [INFO] Step 9/10 | action=play_card | result=success
[2026-03-11 15:48:25] [INFO] 已定位目标窗口 bbox=[0, 0, 2062, 1118]
[2026-03-11 15:48:25] [INFO] [DRY-RUN] click at (377, 977)
[2026-03-11 15:48:26] [INFO] [DRY-RUN] click at (1464, 469)
[2026-03-11 15:48:26] [INFO] 已定位目标窗口 bbox=[0, 0, 2062, 1118]
[2026-03-11 15:48:27] [INFO] [Visualizer] step=10 | scene=battle | action=play_card | result=success
[2026-03-11 15:48:27] [INFO] Step 10/10 | action=play_card | result=success
[2026-03-11 15:48:27] [INFO] 运行完成，结果摘要已保存: D:\code\sts-agent-course-project\logs\run_logs\run_summary_20260311_154806_d451a257.json
