[2026-03-11 10:23:24] [INFO] 配置文件加载成功: D:\code\sts-agent-course-project\config\game.yaml
[2026-03-11 10:23:24] [INFO] 运行 ID: 20260311_102324_b5968deb
[2026-03-11 10:23:24] [INFO] 任务: Play the game
[2026-03-11 10:23:24] [INFO] 模型: mock / demo-model
[2026-03-11 10:23:24] [INFO] 环境: Slay the Spire
[2026-03-11 10:23:24] [INFO] 最大步数: 10
[2026-03-11 10:23:24] [WARNING] BottomUpAgent.Eye 加载失败，使用占位版本: No module named 'BottomUpAgent.Eye'
[2026-03-11 10:23:24] [WARNING] BottomUpAgent.Brain 加载失败，使用占位版本: No module named 'BottomUpAgent.Brain'
[2026-03-11 10:23:24] [WARNING] BottomUpAgent.Mcts 加载失败，使用占位版本: No module named 'BottomUpAgent.Mcts'
[2026-03-11 10:23:24] [WARNING] BottomUpAgent.UnifiedOperation 加载失败，使用占位版本: No module named 'BottomUpAgent.UnifiedOperation'
[2026-03-11 10:23:24] [WARNING] BottomUpAgent.Hand 加载失败，使用占位版本: No module named 'BottomUpAgent.Hand'
[2026-03-11 10:23:24] [WARNING] BottomUpAgent.Teacher 加载失败，使用占位版本: No module named 'BottomUpAgent.Teacher'
[2026-03-11 10:23:24] [WARNING] BottomUpAgent.LongMemory 加载失败，使用占位版本: No module named 'BottomUpAgent.LongMemory'
[2026-03-11 10:23:24] [WARNING] BottomUpAgent.visualizer 加载失败，使用占位版本: No module named 'BottomUpAgent.visualizer'
[2026-03-11 10:23:24] [INFO] BottomUpAgent 初始化完成
[2026-03-11 10:23:24] [INFO] run_id=20260311_102324_b5968deb, max_steps=10
[2026-03-11 10:23:24] [INFO] 开始执行任务: Play the game
[2026-03-11 10:23:24] [INFO] Step 1/10 | action=wait | result=success
[2026-03-11 10:23:24] [INFO] Step 2/10 | action=wait | result=success
[2026-03-11 10:23:24] [INFO] Step 3/10 | action=wait | result=success
[2026-03-11 10:23:24] [INFO] Step 4/10 | action=wait | result=success
[2026-03-11 10:23:24] [INFO] Step 5/10 | action=wait | result=success
[2026-03-11 10:23:24] [INFO] Step 6/10 | action=wait | result=success
[2026-03-11 10:23:24] [INFO] Step 7/10 | action=wait | result=success
[2026-03-11 10:23:24] [INFO] Step 8/10 | action=wait | result=success
[2026-03-11 10:23:24] [INFO] Step 9/10 | action=wait | result=success
[2026-03-11 10:23:24] [INFO] Step 10/10 | action=wait | result=success
[2026-03-11 10:23:24] [INFO] 运行完成，结果摘要已保存: D:\code\sts-agent-course-project\logs\run_logs\run_summary_20260311_102324_b5968deb.json
