[2026-03-11 11:59:52] [INFO] 配置文件加载成功: D:\code\sts-agent-course-project\config\game.yaml
[2026-03-11 11:59:52] [INFO] 运行 ID: 20260311_115952_6988cfe3
[2026-03-11 11:59:52] [INFO] 任务: Play the game
[2026-03-11 11:59:52] [INFO] 模型: mock / demo-model
[2026-03-11 11:59:52] [INFO] 环境: Slay the Spire
[2026-03-11 11:59:52] [INFO] 最大步数: 10
[2026-03-11 11:59:52] [INFO] Detector 初始化完成，capture_bbox=[0, 0, 1920, 1200], force_scene=None
[2026-03-11 11:59:52] [INFO] Eye 初始化完成，window_name=Slay the Spire 2 , capture_bbox=[0, 0, 1920, 1200]
[2026-03-11 11:59:52] [INFO] 组件加载成功: module=BottomUpAgent.group_a.Eye, class=Eye
[2026-03-11 11:59:52] [INFO] Brain 初始化完成，provider=mock, model=demo-model
[2026-03-11 11:59:52] [INFO] 组件加载成功: module=BottomUpAgent.group_b.Brain, class=Brain
[2026-03-11 11:59:52] [INFO] Mcts 初始化完成（轻量版）
[2026-03-11 11:59:52] [INFO] 组件加载成功: module=BottomUpAgent.group_b.Mcts, class=Mcts
[2026-03-11 11:59:52] [INFO] UnifiedOperation 初始化完成
[2026-03-11 11:59:52] [INFO] 组件加载成功: module=BottomUpAgent.group_a.UnifiedOperation, class=UnifiedOperation
[2026-03-11 11:59:52] [INFO] Hand 初始化完成，dry_run=True
[2026-03-11 11:59:52] [INFO] 组件加载成功: module=BottomUpAgent.group_a.Hand, class=Hand
[2026-03-11 11:59:52] [INFO] Teacher 初始化完成
[2026-03-11 11:59:52] [INFO] 组件加载成功: module=BottomUpAgent.group_b.Teacher, class=Teacher
[2026-03-11 11:59:52] [INFO] LongMemory 初始化完成，已有技能数=2
[2026-03-11 11:59:52] [INFO] 组件加载成功: module=BottomUpAgent.group_b.LongMemory, class=LongMemory
[2026-03-11 11:59:52] [INFO] Visualizer 初始化完成，enabled=True, refresh_interval_ms=300
[2026-03-11 11:59:52] [INFO] 组件加载成功: module=BottomUpAgent.group_a.visualizer, class=Visualizer
[2026-03-11 11:59:52] [INFO] BottomUpAgent 初始化完成
[2026-03-11 11:59:52] [INFO] run_id=20260311_115952_6988cfe3, max_steps=10
[2026-03-11 11:59:52] [INFO] 启动延迟 3.0 秒，请切到游戏窗口。
[2026-03-11 11:59:55] [INFO] 开始执行任务: Play the game
[2026-03-11 11:59:55] [WARNING] 未找到标题包含 [Slay the Spire 2 ] 的窗口。
[2026-03-11 11:59:55] [INFO] [DRY-RUN] click at (351, 1050)
[2026-03-11 11:59:55] [INFO] [DRY-RUN] click at (1363, 504)
[2026-03-11 11:59:56] [WARNING] 未找到标题包含 [Slay the Spire 2 ] 的窗口。
[2026-03-11 11:59:56] [INFO] [Visualizer] step=1 | scene=battle | action=play_card | result=success
[2026-03-11 11:59:56] [INFO] Step 1/10 | action=play_card | result=success
[2026-03-11 11:59:56] [WARNING] 未找到标题包含 [Slay the Spire 2 ] 的窗口。
[2026-03-11 11:59:56] [INFO] [DRY-RUN] click at (351, 1050)
[2026-03-11 11:59:56] [INFO] [DRY-RUN] click at (1363, 504)
[2026-03-11 11:59:57] [WARNING] 未找到标题包含 [Slay the Spire 2 ] 的窗口。
[2026-03-11 11:59:57] [INFO] [Visualizer] step=2 | scene=battle | action=play_card | result=success
[2026-03-11 11:59:57] [INFO] Step 2/10 | action=play_card | result=success
[2026-03-11 11:59:57] [WARNING] 未找到标题包含 [Slay the Spire 2 ] 的窗口。
[2026-03-11 11:59:58] [INFO] [DRY-RUN] click at (351, 1050)
[2026-03-11 11:59:58] [INFO] [DRY-RUN] click at (1363, 504)
[2026-03-11 11:59:58] [WARNING] 未找到标题包含 [Slay the Spire 2 ] 的窗口。
[2026-03-11 11:59:58] [INFO] [Visualizer] step=3 | scene=battle | action=play_card | result=success
[2026-03-11 11:59:58] [INFO] Step 3/10 | action=play_card | result=success
[2026-03-11 11:59:58] [WARNING] 未找到标题包含 [Slay the Spire 2 ] 的窗口。
[2026-03-11 11:59:59] [INFO] [DRY-RUN] click at (351, 1050)
[2026-03-11 11:59:59] [INFO] [DRY-RUN] click at (1363, 504)
[2026-03-11 12:00:00] [WARNING] 未找到标题包含 [Slay the Spire 2 ] 的窗口。
[2026-03-11 12:00:00] [INFO] [Visualizer] step=4 | scene=battle | action=play_card | result=success
[2026-03-11 12:00:00] [INFO] Step 4/10 | action=play_card | result=success
[2026-03-11 12:00:00] [WARNING] 未找到标题包含 [Slay the Spire 2 ] 的窗口。
[2026-03-11 12:00:01] [INFO] [DRY-RUN] click at (351, 1050)
[2026-03-11 12:00:01] [INFO] [DRY-RUN] click at (1363, 504)
[2026-03-11 12:00:02] [WARNING] 未找到标题包含 [Slay the Spire 2 ] 的窗口。
[2026-03-11 12:00:02] [INFO] [Visualizer] step=5 | scene=battle | action=play_card | result=success
[2026-03-11 12:00:02] [INFO] Step 5/10 | action=play_card | result=success
[2026-03-11 12:00:02] [WARNING] 未找到标题包含 [Slay the Spire 2 ] 的窗口。
[2026-03-11 12:00:02] [INFO] [DRY-RUN] click at (351, 1050)
[2026-03-11 12:00:02] [INFO] [DRY-RUN] click at (1363, 504)
[2026-03-11 12:00:03] [WARNING] 未找到标题包含 [Slay the Spire 2 ] 的窗口。
[2026-03-11 12:00:04] [INFO] [Visualizer] step=6 | scene=battle | action=play_card | result=success
[2026-03-11 12:00:04] [INFO] Step 6/10 | action=play_card | result=success
[2026-03-11 12:00:04] [WARNING] 未找到标题包含 [Slay the Spire 2 ] 的窗口。
[2026-03-11 12:00:04] [INFO] [DRY-RUN] click at (351, 1050)
[2026-03-11 12:00:04] [INFO] [DRY-RUN] click at (1363, 504)
[2026-03-11 12:00:05] [WARNING] 未找到标题包含 [Slay the Spire 2 ] 的窗口。
[2026-03-11 12:00:05] [INFO] [Visualizer] step=7 | scene=battle | action=play_card | result=success
[2026-03-11 12:00:05] [INFO] Step 7/10 | action=play_card | result=success
[2026-03-11 12:00:05] [WARNING] 未找到标题包含 [Slay the Spire 2 ] 的窗口。
[2026-03-11 12:00:05] [INFO] [DRY-RUN] click at (351, 1050)
[2026-03-11 12:00:05] [INFO] [DRY-RUN] click at (1363, 504)
[2026-03-11 12:00:06] [WARNING] 未找到标题包含 [Slay the Spire 2 ] 的窗口。
[2026-03-11 12:00:06] [INFO] [Visualizer] step=8 | scene=battle | action=play_card | result=success
[2026-03-11 12:00:06] [INFO] Step 8/10 | action=play_card | result=success
[2026-03-11 12:00:06] [WARNING] 未找到标题包含 [Slay the Spire 2 ] 的窗口。
[2026-03-11 12:00:06] [INFO] [DRY-RUN] click at (351, 1050)
[2026-03-11 12:00:06] [INFO] [DRY-RUN] click at (1363, 504)
[2026-03-11 12:00:07] [WARNING] 未找到标题包含 [Slay the Spire 2 ] 的窗口。
[2026-03-11 12:00:07] [INFO] [Visualizer] step=9 | scene=battle | action=play_card | result=success
[2026-03-11 12:00:07] [INFO] Step 9/10 | action=play_card | result=success
[2026-03-11 12:00:07] [WARNING] 未找到标题包含 [Slay the Spire 2 ] 的窗口。
[2026-03-11 12:00:07] [INFO] [DRY-RUN] click at (351, 1050)
[2026-03-11 12:00:08] [INFO] [DRY-RUN] click at (1363, 504)
[2026-03-11 12:00:08] [WARNING] 未找到标题包含 [Slay the Spire 2 ] 的窗口。
[2026-03-11 12:00:09] [INFO] [Visualizer] step=10 | scene=battle | action=play_card | result=success
[2026-03-11 12:00:09] [INFO] Step 10/10 | action=play_card | result=success
[2026-03-11 12:00:09] [INFO] 运行完成，结果摘要已保存: D:\code\sts-agent-course-project\logs\run_logs\run_summary_20260311_115952_6988cfe3.json
